빌드 시작: 2019-11-21 오후 5:07:21
     1>2 노드의 "C:\Users\내꺼\Desktop\20181012김기현\20181012김기현\Mission2\MSTGame\MSTGame\MSTGame.vcxproj" 프로젝트(build 대상)입니다.
     1>InitializeBuildStatus:
         "AlwaysCreate"이(가) 지정되었기 때문에 "Debug\MSTGame.unsuccessfulbuild"을(를) 만들고 있습니다.
       ClCompile:
         c:\Program Files (x86)\Microsoft Visual Studio 10.0\VC\bin\CL.exe /c /ZI /nologo /W3 /WX- /Od /Oy- /D _MBCS /Gm /EHsc /RTC1 /MDd /GS /fp:precise /Zc:wchar_t /Zc:forScope /Fo"Debug\\" /Fd"Debug\vc100.pdb" /Gd /TP /analyze- /errorReport:prompt "12-WGraphMST.cpp"
         12-WGraphMST.cpp
     1>c:\users\내꺼\desktop\20181012김기현\20181012김기현\mission2\mstgame\mstgame\wgraph.h(14): warning C4996: 'fopen': This function or variable may be unsafe. Consider using fopen_s instead. To disable deprecation, use _CRT_SECURE_NO_WARNINGS. See online help for details.
                 c:\program files (x86)\microsoft visual studio 10.0\vc\include\stdio.h(234) : 'fopen' 선언을 참조하십시오.
     1>c:\users\내꺼\desktop\20181012김기현\20181012김기현\mission2\mstgame\mstgame\wgraph.h(17): warning C4996: 'fscanf': This function or variable may be unsafe. Consider using fscanf_s instead. To disable deprecation, use _CRT_SECURE_NO_WARNINGS. See online help for details.
                 c:\program files (x86)\microsoft visual studio 10.0\vc\include\stdio.h(253) : 'fscanf' 선언을 참조하십시오.
     1>c:\users\내꺼\desktop\20181012김기현\20181012김기현\mission2\mstgame\mstgame\wgraph.h(21): warning C4996: 'fscanf': This function or variable may be unsafe. Consider using fscanf_s instead. To disable deprecation, use _CRT_SECURE_NO_WARNINGS. See online help for details.
                 c:\program files (x86)\microsoft visual studio 10.0\vc\include\stdio.h(253) : 'fscanf' 선언을 참조하십시오.
     1>c:\users\내꺼\desktop\20181012김기현\20181012김기현\mission2\mstgame\mstgame\wgraph.h(24): warning C4996: 'fscanf': This function or variable may be unsafe. Consider using fscanf_s instead. To disable deprecation, use _CRT_SECURE_NO_WARNINGS. See online help for details.
                 c:\program files (x86)\microsoft visual studio 10.0\vc\include\stdio.h(253) : 'fscanf' 선언을 참조하십시오.
     1>c:\users\내꺼\desktop\20181012김기현\20181012김기현\mission2\mstgame\mstgame\wgraph.h(16): warning C4101: 'val' :참조되지 않은 지역 변수입니다.
     1>c:\users\내꺼\desktop\20181012김기현\20181012김기현\mission2\mstgame\mstgame\12-wgraphmst.cpp(16): warning C4996: 'scanf': This function or variable may be unsafe. Consider using scanf_s instead. To disable deprecation, use _CRT_SECURE_NO_WARNINGS. See online help for details.
                 c:\program files (x86)\microsoft visual studio 10.0\vc\include\stdio.h(304) : 'scanf' 선언을 참조하십시오.
     1>c:\users\내꺼\desktop\20181012김기현\20181012김기현\mission2\mstgame\mstgame\12-wgraphmst.cpp(28): warning C4996: 'scanf': This function or variable may be unsafe. Consider using scanf_s instead. To disable deprecation, use _CRT_SECURE_NO_WARNINGS. See online help for details.
                 c:\program files (x86)\microsoft visual studio 10.0\vc\include\stdio.h(304) : 'scanf' 선언을 참조하십시오.
       Link:
         c:\Program Files (x86)\Microsoft Visual Studio 10.0\VC\bin\link.exe /ERRORREPORT:PROMPT /OUT:"C:\Users\내꺼\Desktop\20181012김기현\20181012김기현\Mission2\MSTGame\Debug\MSTGame.exe" /NOLOGO kernel32.lib user32.lib gdi32.lib winspool.lib comdlg32.lib advapi32.lib shell32.lib ole32.lib oleaut32.lib uuid.lib odbc32.lib odbccp32.lib /MANIFEST /ManifestFile:"Debug\MSTGame.exe.intermediate.manifest" /MANIFESTUAC:"level='asInvoker' uiAccess='false'" /DEBUG /PDB:"C:\Users\내꺼\Desktop\20181012김기현\20181012김기현\Mission2\MSTGame\Debug\MSTGame.pdb" /TLBID:1 /DYNAMICBASE /NXCOMPAT /IMPLIB:"C:\Users\내꺼\Desktop\20181012김기현\20181012김기현\Mission2\MSTGame\Debug\MSTGame.lib" /MACHINE:X86 "Debug\12-WGraphMST.obj"
         LINK : C:\Users\내꺼\Desktop\20181012김기현\20181012김기현\Mission2\MSTGame\Debug\MSTGame.exe을(를) 찾을 수 없거나 마지막 증분 링크에 의해 빌드되지 않았습니다. 전체 링크를 수행하고 있습니다.
         MSTGame.vcxproj -> C:\Users\내꺼\Desktop\20181012김기현\20181012김기현\Mission2\MSTGame\Debug\MSTGame.exe
       Manifest:
         C:\Program Files (x86)\Microsoft SDKs\Windows\v7.0A\bin\mt.exe /nologo /verbose /outputresource:"C:\Users\내꺼\Desktop\20181012김기현\20181012김기현\Mission2\MSTGame\Debug\MSTGame.exe;#1" /manifest Debug\MSTGame.exe.intermediate.manifest
       FinalizeBuildStatus:
         "Debug\MSTGame.unsuccessfulbuild" 파일을 삭제하고 있습니다.
         "Debug\MSTGame.lastbuildstate"에 연결(touching)하고 있습니다.
     1>"C:\Users\내꺼\Desktop\20181012김기현\20181012김기현\Mission2\MSTGame\MSTGame\MSTGame.vcxproj" 프로젝트를 빌드했습니다(build 대상).

빌드했습니다.

경과 시간: 00:00:01.93
